0 verbose cli /Users/abdulaziz/Documents/Business Audit/node_bin/bin/node /Users/abdulaziz/Documents/Business Audit/node_bin/bin/npm
1 info using npm@10.2.4
2 info using node@v20.11.1
3 timing npm:load:whichnode Completed in 1ms
4 timing config:load:defaults Completed in 1ms
5 timing config:load:file:/Users/abdulaziz/Documents/Business Audit/node_bin/lib/node_modules/npm/npmrc Completed in 2ms
6 timing config:load:builtin Completed in 2ms
7 timing config:load:cli Completed in 1ms
8 timing config:load:env Completed in 0ms
9 timing config:load:file:/private/tmp/audit-tool/.npmrc Completed in 0ms
10 timing config:load:project Completed in 2ms
11 timing config:load:file:/Users/abdulaziz/.npmrc Completed in 0ms
12 timing config:load:user Completed in 0ms
13 timing config:load:file:/Users/abdulaziz/Documents/Business Audit/node_bin/etc/npmrc Completed in 0ms
14 timing config:load:global Completed in 0ms
15 timing config:load:setEnvs Completed in 0ms
16 timing config:load Completed in 7ms
17 timing npm:load:configload Completed in 7ms
18 timing config:load:flatten Completed in 1ms
19 timing npm:load:mkdirpcache Completed in 0ms
20 timing npm:load:mkdirplogs Completed in 0ms
21 verbose title npm install
22 verbose argv "install" "--cache" "./local_cache"
23 timing npm:load:setTitle Completed in 8ms
24 timing npm:load:display Completed in 0ms
25 verbose logfile logs-max:10 dir:/private/tmp/audit-tool/local_cache/_logs/2026-02-21T04_58_57_077Z-
26 verbose logfile /private/tmp/audit-tool/local_cache/_logs/2026-02-21T04_58_57_077Z-debug-0.log
27 timing npm:load:logFile Completed in 7ms
28 timing npm:load:timers Completed in 0ms
29 timing npm:load:configScope Completed in 0ms
30 timing npm:load Completed in 34ms
31 timing arborist:ctor Completed in 1ms
32 silly logfile done cleaning log files
33 timing arborist:ctor Completed in 1ms
34 timing idealTree:init Completed in 5ms
35 timing idealTree:userRequests Completed in 0ms
36 silly idealTree buildDeps
37 silly fetch manifest react@^19.2.0
38 http fetch GET 200 https://registry.npmjs.org/npm 1177ms (cache miss)
39 http fetch GET 200 https://registry.npmjs.org/react 1782ms (cache miss)
40 silly fetch manifest react-dom@^19.2.0
41 http fetch GET 200 https://registry.npmjs.org/react-dom 1365ms (cache miss)
42 silly fetch manifest @eslint/js@^9.39.1
43 http fetch GET 200 https://registry.npmjs.org/@eslint%2fjs 164ms (cache miss)
44 silly fetch manifest @types/react@^19.2.7
45 http fetch GET 200 https://registry.npmjs.org/@types%2freact 395ms (cache miss)
46 silly fetch manifest @types/react-dom@^19.2.3
47 http fetch GET 200 https://registry.npmjs.org/@types%2freact-dom 170ms (cache miss)
48 silly fetch manifest @vitejs/plugin-react@^5.1.1
49 http fetch GET 200 https://registry.npmjs.org/@vitejs%2fplugin-react 145ms (cache miss)
50 silly fetch manifest vite@^7.3.1
51 http fetch GET 200 https://registry.npmjs.org/vite 403ms (cache miss)
52 silly fetch manifest @types/node@^20.19.0 || >=22.12.0
53 http fetch GET 200 https://registry.npmjs.org/@types%2fnode 944ms (cache miss)
54 silly fetch manifest jiti@>=1.21.0
55 http fetch GET 200 https://registry.npmjs.org/jiti 150ms (cache miss)
56 silly fetch manifest less@^4.0.0
57 http fetch GET 200 https://registry.npmjs.org/less 240ms (cache miss)
58 silly fetch manifest lightningcss@^1.21.0
59 http fetch GET 200 https://registry.npmjs.org/lightningcss 119ms (cache miss)
60 silly fetch manifest sass@^1.70.0
61 http fetch GET 200 https://registry.npmjs.org/sass 214ms (cache miss)
62 silly fetch manifest sass-embedded@^1.70.0
63 http fetch GET 200 https://registry.npmjs.org/sass-embedded 183ms (cache miss)
64 silly fetch manifest stylus@>=0.54.8
65 http fetch GET 200 https://registry.npmjs.org/stylus 138ms (cache miss)
66 silly fetch manifest sugarss@^5.0.0
67 http fetch GET 200 https://registry.npmjs.org/sugarss 131ms (cache miss)
68 silly fetch manifest postcss@^8.3.3
69 http fetch GET 200 https://registry.npmjs.org/postcss 248ms (cache miss)
70 silly fetch manifest terser@^5.16.0
71 http fetch GET 200 https://registry.npmjs.org/terser 188ms (cache miss)
72 silly fetch manifest tsx@^4.8.1
73 http fetch GET 200 https://registry.npmjs.org/tsx 140ms (cache miss)
74 silly fetch manifest yaml@^2.4.2
75 http fetch GET 200 https://registry.npmjs.org/yaml 189ms (cache miss)
76 silly fetch manifest eslint@^9.39.1
77 http fetch GET 200 https://registry.npmjs.org/eslint 209ms (cache miss)
78 silly fetch manifest jiti@*
79 silly fetch manifest eslint-plugin-react-hooks@^7.0.1
80 http fetch GET 200 https://registry.npmjs.org/eslint-plugin-react-hooks 1523ms (cache miss)
81 silly fetch manifest eslint-plugin-react-refresh@^0.4.24
82 http fetch GET 200 https://registry.npmjs.org/eslint-plugin-react-refresh 118ms (cache miss)
83 silly fetch manifest globals@^16.5.0
84 http fetch GET 200 https://registry.npmjs.org/globals 204ms (cache miss)
85 silly placeDep ROOT @eslint/js@9.39.3 OK for: audit-tool@0.0.0 want: ^9.39.1
86 silly placeDep ROOT @types/react@19.2.14 OK for: audit-tool@0.0.0 want: ^19.2.7
87 silly fetch manifest csstype@^3.2.2
88 silly placeDep ROOT @types/react-dom@19.2.3 OK for: audit-tool@0.0.0 want: ^19.2.3
89 silly placeDep ROOT @vitejs/plugin-react@5.1.4 OK for: audit-tool@0.0.0 want: ^5.1.1
90 silly placeDep ROOT vite@7.3.1 OK for: @vitejs/plugin-react@5.1.4 want: ^4.2.0 || ^5.0.0 || ^6.0.0 || ^7.0.0
91 silly fetch manifest @babel/core@^7.29.0
92 silly fetch manifest @babel/plugin-transform-react-jsx-self@^7.27.1
93 silly fetch manifest @babel/plugin-transform-react-jsx-source@^7.27.1
94 silly fetch manifest @rolldown/pluginutils@1.0.0-rc.3
95 silly fetch manifest @types/babel__core@^7.20.5
96 silly fetch manifest react-refresh@^0.18.0
97 silly fetch manifest fdir@^6.5.0
98 silly fetch manifest rollup@^4.43.0
99 silly fetch manifest esbuild@^0.27.0
100 silly fetch manifest postcss@^8.5.6
101 silly fetch manifest picomatch@^4.0.3
102 silly fetch manifest tinyglobby@^0.2.15
103 silly fetch manifest fsevents@~2.3.3
104 silly placeDep ROOT eslint@9.39.3 OK for: audit-tool@0.0.0 want: ^9.39.1
105 silly fetch manifest ajv@^6.12.4
106 silly fetch manifest chalk@^4.0.0
107 silly fetch manifest debug@^4.3.2
108 silly fetch manifest espree@^10.4.0
109 silly fetch manifest ignore@^5.2.0
110 silly fetch manifest esquery@^1.5.0
111 silly fetch manifest esutils@^2.0.2
112 silly fetch manifest find-up@^5.0.0
113 silly fetch manifest is-glob@^4.0.0
114 silly fetch manifest minimatch@^3.1.2
115 silly fetch manifest optionator@^0.9.3
116 silly fetch manifest cross-spawn@^7.0.6
117 silly fetch manifest glob-parent@^6.0.2
118 silly fetch manifest imurmurhash@^0.1.4
119 silly fetch manifest @eslint/core@^0.17.0
120 silly fetch manifest eslint-scope@^8.4.0
121 silly fetch manifest lodash.merge@^4.6.2
122 silly fetch manifest @humanfs/node@^0.16.6
123 silly fetch manifest @types/estree@^1.0.6
124 silly fetch manifest fast-deep-equal@^3.1.3
125 silly fetch manifest natural-compare@^1.4.0
126 silly fetch manifest @eslint/eslintrc@^3.3.1
127 silly fetch manifest file-entry-cache@^8.0.0
128 silly fetch manifest @eslint/plugin-kit@^0.4.1
129 silly fetch manifest eslint-visitor-keys@^4.2.1
130 silly fetch manifest @eslint/config-array@^0.21.1
131 silly fetch manifest @humanwhocodes/retry@^0.4.2
132 silly fetch manifest escape-string-regexp@^4.0.0
133 silly fetch manifest @eslint/config-helpers@^0.4.2
134 silly fetch manifest @eslint-community/regexpp@^4.12.1
135 silly fetch manifest @eslint-community/eslint-utils@^4.8.0
136 silly fetch manifest @humanwhocodes/module-importer@^1.0.1
137 silly fetch manifest json-stable-stringify-without-jsonify@^1.0.1
138 silly placeDep ROOT eslint-plugin-react-hooks@7.0.1 OK for: audit-tool@0.0.0 want: ^7.0.1
139 silly fetch manifest zod@^3.25.0 || ^4.0.0
140 silly fetch manifest @babel/core@^7.24.4
141 silly fetch manifest @babel/parser@^7.24.4
142 silly fetch manifest hermes-parser@^0.25.1
143 silly fetch manifest zod-validation-error@^3.5.0 || ^4.0.0
144 silly placeDep ROOT eslint-plugin-react-refresh@0.4.26 OK for: audit-tool@0.0.0 want: ^0.4.24
145 silly placeDep ROOT globals@16.5.0 OK for: audit-tool@0.0.0 want: ^16.5.0
146 silly placeDep ROOT react@19.2.4 OK for: audit-tool@0.0.0 want: ^19.2.0
147 silly placeDep ROOT react-dom@19.2.4 OK for: audit-tool@0.0.0 want: ^19.2.0
148 silly fetch manifest scheduler@^0.27.0
149 http fetch GET 200 https://registry.npmjs.org/csstype 180ms (cache miss)
